running egg_info
creating ../../build/basis_robot/basis_robot.egg-info
writing ../../build/basis_robot/basis_robot.egg-info/PKG-INFO
writing dependency_links to ../../build/basis_robot/basis_robot.egg-info/dependency_links.txt
writing entry points to ../../build/basis_robot/basis_robot.egg-info/entry_points.txt
writing requirements to ../../build/basis_robot/basis_robot.egg-info/requires.txt
writing top-level names to ../../build/basis_robot/basis_robot.egg-info/top_level.txt
writing manifest file '../../build/basis_robot/basis_robot.egg-info/SOURCES.txt'
reading manifest file '../../build/basis_robot/basis_robot.egg-info/SOURCES.txt'
writing manifest file '../../build/basis_robot/basis_robot.egg-info/SOURCES.txt'
running build
running build_py
creating /home/adarsh61/robot_ws/build/basis_robot/build
creating /home/adarsh61/robot_ws/build/basis_robot/build/lib
creating /home/adarsh61/robot_ws/build/basis_robot/build/lib/basis_robot
copying basis_robot/parameter2.py -> /home/adarsh61/robot_ws/build/basis_robot/build/lib/basis_robot
copying basis_robot/Action_Serverr.py -> /home/adarsh61/robot_ws/build/basis_robot/build/lib/basis_robot
copying basis_robot/service_server.py -> /home/adarsh61/robot_ws/build/basis_robot/build/lib/basis_robot
copying basis_robot/service_add_two_int.py -> /home/adarsh61/robot_ws/build/basis_robot/build/lib/basis_robot
copying basis_robot/parameter3.py -> /home/adarsh61/robot_ws/build/basis_robot/build/lib/basis_robot
copying basis_robot/first_node.py -> /home/adarsh61/robot_ws/build/basis_robot/build/lib/basis_robot
copying basis_robot/parameter4.py -> /home/adarsh61/robot_ws/build/basis_robot/build/lib/basis_robot
copying basis_robot/talker.py -> /home/adarsh61/robot_ws/build/basis_robot/build/lib/basis_robot
copying basis_robot/action_client.py -> /home/adarsh61/robot_ws/build/basis_robot/build/lib/basis_robot
copying basis_robot/listener.py -> /home/adarsh61/robot_ws/build/basis_robot/build/lib/basis_robot
copying basis_robot/service_client.py -> /home/adarsh61/robot_ws/build/basis_robot/build/lib/basis_robot
copying basis_robot/client_add_two_int.py -> /home/adarsh61/robot_ws/build/basis_robot/build/lib/basis_robot
copying basis_robot/__init__.py -> /home/adarsh61/robot_ws/build/basis_robot/build/lib/basis_robot
copying basis_robot/parameter.py -> /home/adarsh61/robot_ws/build/basis_robot/build/lib/basis_robot
running install
running install_lib
creating /home/adarsh61/robot_ws/install/basis_robot/lib/python3.10/site-packages/basis_robot
copying /home/adarsh61/robot_ws/build/basis_robot/build/lib/basis_robot/parameter2.py -> /home/adarsh61/robot_ws/install/basis_robot/lib/python3.10/site-packages/basis_robot
copying /home/adarsh61/robot_ws/build/basis_robot/build/lib/basis_robot/Action_Serverr.py -> /home/adarsh61/robot_ws/install/basis_robot/lib/python3.10/site-packages/basis_robot
copying /home/adarsh61/robot_ws/build/basis_robot/build/lib/basis_robot/service_server.py -> /home/adarsh61/robot_ws/install/basis_robot/lib/python3.10/site-packages/basis_robot
copying /home/adarsh61/robot_ws/build/basis_robot/build/lib/basis_robot/service_add_two_int.py -> /home/adarsh61/robot_ws/install/basis_robot/lib/python3.10/site-packages/basis_robot
copying /home/adarsh61/robot_ws/build/basis_robot/build/lib/basis_robot/parameter3.py -> /home/adarsh61/robot_ws/install/basis_robot/lib/python3.10/site-packages/basis_robot
copying /home/adarsh61/robot_ws/build/basis_robot/build/lib/basis_robot/first_node.py -> /home/adarsh61/robot_ws/install/basis_robot/lib/python3.10/site-packages/basis_robot
copying /home/adarsh61/robot_ws/build/basis_robot/build/lib/basis_robot/parameter4.py -> /home/adarsh61/robot_ws/install/basis_robot/lib/python3.10/site-packages/basis_robot
copying /home/adarsh61/robot_ws/build/basis_robot/build/lib/basis_robot/talker.py -> /home/adarsh61/robot_ws/install/basis_robot/lib/python3.10/site-packages/basis_robot
copying /home/adarsh61/robot_ws/build/basis_robot/build/lib/basis_robot/action_client.py -> /home/adarsh61/robot_ws/install/basis_robot/lib/python3.10/site-packages/basis_robot
copying /home/adarsh61/robot_ws/build/basis_robot/build/lib/basis_robot/listener.py -> /home/adarsh61/robot_ws/install/basis_robot/lib/python3.10/site-packages/basis_robot
copying /home/adarsh61/robot_ws/build/basis_robot/build/lib/basis_robot/service_client.py -> /home/adarsh61/robot_ws/install/basis_robot/lib/python3.10/site-packages/basis_robot
copying /home/adarsh61/robot_ws/build/basis_robot/build/lib/basis_robot/client_add_two_int.py -> /home/adarsh61/robot_ws/install/basis_robot/lib/python3.10/site-packages/basis_robot
copying /home/adarsh61/robot_ws/build/basis_robot/build/lib/basis_robot/__init__.py -> /home/adarsh61/robot_ws/install/basis_robot/lib/python3.10/site-packages/basis_robot
copying /home/adarsh61/robot_ws/build/basis_robot/build/lib/basis_robot/parameter.py -> /home/adarsh61/robot_ws/install/basis_robot/lib/python3.10/site-packages/basis_robot
byte-compiling /home/adarsh61/robot_ws/install/basis_robot/lib/python3.10/site-packages/basis_robot/parameter2.py to parameter2.cpython-310.pyc
byte-compiling /home/adarsh61/robot_ws/install/basis_robot/lib/python3.10/site-packages/basis_robot/Action_Serverr.py to Action_Serverr.cpython-310.pyc
byte-compiling /home/adarsh61/robot_ws/install/basis_robot/lib/python3.10/site-packages/basis_robot/service_server.py to service_server.cpython-310.pyc
byte-compiling /home/adarsh61/robot_ws/install/basis_robot/lib/python3.10/site-packages/basis_robot/service_add_two_int.py to service_add_two_int.cpython-310.pyc
byte-compiling /home/adarsh61/robot_ws/install/basis_robot/lib/python3.10/site-packages/basis_robot/parameter3.py to parameter3.cpython-310.pyc
byte-compiling /home/adarsh61/robot_ws/install/basis_robot/lib/python3.10/site-packages/basis_robot/first_node.py to first_node.cpython-310.pyc
byte-compiling /home/adarsh61/robot_ws/install/basis_robot/lib/python3.10/site-packages/basis_robot/parameter4.py to parameter4.cpython-310.pyc
byte-compiling /home/adarsh61/robot_ws/install/basis_robot/lib/python3.10/site-packages/basis_robot/talker.py to talker.cpython-310.pyc
byte-compiling /home/adarsh61/robot_ws/install/basis_robot/lib/python3.10/site-packages/basis_robot/action_client.py to action_client.cpython-310.pyc
byte-compiling /home/adarsh61/robot_ws/install/basis_robot/lib/python3.10/site-packages/basis_robot/listener.py to listener.cpython-310.pyc
byte-compiling /home/adarsh61/robot_ws/install/basis_robot/lib/python3.10/site-packages/basis_robot/service_client.py to service_client.cpython-310.pyc
byte-compiling /home/adarsh61/robot_ws/install/basis_robot/lib/python3.10/site-packages/basis_robot/client_add_two_int.py to client_add_two_int.cpython-310.pyc
byte-compiling /home/adarsh61/robot_ws/install/basis_robot/lib/python3.10/site-packages/basis_robot/__init__.py to __init__.cpython-310.pyc
byte-compiling /home/adarsh61/robot_ws/install/basis_robot/lib/python3.10/site-packages/basis_robot/parameter.py to parameter.cpython-310.pyc
running install_data
creating /home/adarsh61/robot_ws/install/basis_robot/share/ament_index
creating /home/adarsh61/robot_ws/install/basis_robot/share/ament_index/resource_index
creating /home/adarsh61/robot_ws/install/basis_robot/share/ament_index/resource_index/packages
copying resource/basis_robot -> /home/adarsh61/robot_ws/install/basis_robot/share/ament_index/resource_index/packages
copying package.xml -> /home/adarsh61/robot_ws/install/basis_robot/share/basis_robot
running install_egg_info
Copying ../../build/basis_robot/basis_robot.egg-info to /home/adarsh61/robot_ws/install/basis_robot/lib/python3.10/site-packages/basis_robot-0.0.0-py3.10.egg-info
running install_scripts
Installing ActionClientNode script to /home/adarsh61/robot_ws/install/basis_robot/lib/basis_robot
Installing ActionServerNode script to /home/adarsh61/robot_ws/install/basis_robot/lib/basis_robot
Installing client_add script to /home/adarsh61/robot_ws/install/basis_robot/lib/basis_robot
Installing first_node script to /home/adarsh61/robot_ws/install/basis_robot/lib/basis_robot
Installing listener script to /home/adarsh61/robot_ws/install/basis_robot/lib/basis_robot
Installing myparamnode script to /home/adarsh61/robot_ws/install/basis_robot/lib/basis_robot
Installing myparamnodee script to /home/adarsh61/robot_ws/install/basis_robot/lib/basis_robot
Installing parameter script to /home/adarsh61/robot_ws/install/basis_robot/lib/basis_robot
Installing robotspeed script to /home/adarsh61/robot_ws/install/basis_robot/lib/basis_robot
Installing service_add script to /home/adarsh61/robot_ws/install/basis_robot/lib/basis_robot
Installing service_client script to /home/adarsh61/robot_ws/install/basis_robot/lib/basis_robot
Installing service_server script to /home/adarsh61/robot_ws/install/basis_robot/lib/basis_robot
Installing talker script to /home/adarsh61/robot_ws/install/basis_robot/lib/basis_robot
writing list of installed files to '/home/adarsh61/robot_ws/build/basis_robot/install.log'
