[0.538s] Invoking command in '/home/adarsh61/robot_ws/src/basis_robot': PYTHONPATH=/home/adarsh61/robot_ws/build/basis_robot/prefix_override:/usr/lib/python3/dist-packages/colcon_core/task/python/colcon_distutils_commands:/home/adarsh61/robot_ws/install/basis_robot/lib/python3.10/site-packages:${PYTHONPATH} /usr/bin/python3 -W ignore:setup.py install is deprecated -W ignore:easy_install command is deprecated setup.py egg_info --egg-base ../../build/basis_robot build --build-base /home/adarsh61/robot_ws/build/basis_robot/build install --record /home/adarsh61/robot_ws/build/basis_robot/install.log --single-version-externally-managed install_data
[0.748s] running egg_info
[0.748s] creating ../../build/basis_robot/basis_robot.egg-info
[0.749s] writing ../../build/basis_robot/basis_robot.egg-info/PKG-INFO
[0.749s] writing dependency_links to ../../build/basis_robot/basis_robot.egg-info/dependency_links.txt
[0.749s] writing entry points to ../../build/basis_robot/basis_robot.egg-info/entry_points.txt
[0.750s] writing requirements to ../../build/basis_robot/basis_robot.egg-info/requires.txt
[0.750s] writing top-level names to ../../build/basis_robot/basis_robot.egg-info/top_level.txt
[0.750s] writing manifest file '../../build/basis_robot/basis_robot.egg-info/SOURCES.txt'
[0.752s] reading manifest file '../../build/basis_robot/basis_robot.egg-info/SOURCES.txt'
[0.753s] writing manifest file '../../build/basis_robot/basis_robot.egg-info/SOURCES.txt'
[0.753s] running build
[0.753s] running build_py
[0.753s] creating /home/adarsh61/robot_ws/build/basis_robot/build
[0.753s] creating /home/adarsh61/robot_ws/build/basis_robot/build/lib
[0.754s] creating /home/adarsh61/robot_ws/build/basis_robot/build/lib/basis_robot
[0.754s] copying basis_robot/parameter2.py -> /home/adarsh61/robot_ws/build/basis_robot/build/lib/basis_robot
[0.754s] copying basis_robot/Action_Serverr.py -> /home/adarsh61/robot_ws/build/basis_robot/build/lib/basis_robot
[0.754s] copying basis_robot/service_server.py -> /home/adarsh61/robot_ws/build/basis_robot/build/lib/basis_robot
[0.754s] copying basis_robot/service_add_two_int.py -> /home/adarsh61/robot_ws/build/basis_robot/build/lib/basis_robot
[0.755s] copying basis_robot/parameter3.py -> /home/adarsh61/robot_ws/build/basis_robot/build/lib/basis_robot
[0.755s] copying basis_robot/first_node.py -> /home/adarsh61/robot_ws/build/basis_robot/build/lib/basis_robot
[0.755s] copying basis_robot/parameter4.py -> /home/adarsh61/robot_ws/build/basis_robot/build/lib/basis_robot
[0.755s] copying basis_robot/talker.py -> /home/adarsh61/robot_ws/build/basis_robot/build/lib/basis_robot
[0.755s] copying basis_robot/action_client.py -> /home/adarsh61/robot_ws/build/basis_robot/build/lib/basis_robot
[0.756s] copying basis_robot/listener.py -> /home/adarsh61/robot_ws/build/basis_robot/build/lib/basis_robot
[0.756s] copying basis_robot/service_client.py -> /home/adarsh61/robot_ws/build/basis_robot/build/lib/basis_robot
[0.756s] copying basis_robot/client_add_two_int.py -> /home/adarsh61/robot_ws/build/basis_robot/build/lib/basis_robot
[0.756s] copying basis_robot/__init__.py -> /home/adarsh61/robot_ws/build/basis_robot/build/lib/basis_robot
[0.756s] copying basis_robot/parameter.py -> /home/adarsh61/robot_ws/build/basis_robot/build/lib/basis_robot
[0.756s] running install
[0.757s] running install_lib
[0.758s] creating /home/adarsh61/robot_ws/install/basis_robot/lib/python3.10/site-packages/basis_robot
[0.758s] copying /home/adarsh61/robot_ws/build/basis_robot/build/lib/basis_robot/parameter2.py -> /home/adarsh61/robot_ws/install/basis_robot/lib/python3.10/site-packages/basis_robot
[0.758s] copying /home/adarsh61/robot_ws/build/basis_robot/build/lib/basis_robot/Action_Serverr.py -> /home/adarsh61/robot_ws/install/basis_robot/lib/python3.10/site-packages/basis_robot
[0.758s] copying /home/adarsh61/robot_ws/build/basis_robot/build/lib/basis_robot/service_server.py -> /home/adarsh61/robot_ws/install/basis_robot/lib/python3.10/site-packages/basis_robot
[0.758s] copying /home/adarsh61/robot_ws/build/basis_robot/build/lib/basis_robot/service_add_two_int.py -> /home/adarsh61/robot_ws/install/basis_robot/lib/python3.10/site-packages/basis_robot
[0.759s] copying /home/adarsh61/robot_ws/build/basis_robot/build/lib/basis_robot/parameter3.py -> /home/adarsh61/robot_ws/install/basis_robot/lib/python3.10/site-packages/basis_robot
[0.759s] copying /home/adarsh61/robot_ws/build/basis_robot/build/lib/basis_robot/first_node.py -> /home/adarsh61/robot_ws/install/basis_robot/lib/python3.10/site-packages/basis_robot
[0.759s] copying /home/adarsh61/robot_ws/build/basis_robot/build/lib/basis_robot/parameter4.py -> /home/adarsh61/robot_ws/install/basis_robot/lib/python3.10/site-packages/basis_robot
[0.759s] copying /home/adarsh61/robot_ws/build/basis_robot/build/lib/basis_robot/talker.py -> /home/adarsh61/robot_ws/install/basis_robot/lib/python3.10/site-packages/basis_robot
[0.759s] copying /home/adarsh61/robot_ws/build/basis_robot/build/lib/basis_robot/action_client.py -> /home/adarsh61/robot_ws/install/basis_robot/lib/python3.10/site-packages/basis_robot
[0.760s] copying /home/adarsh61/robot_ws/build/basis_robot/build/lib/basis_robot/listener.py -> /home/adarsh61/robot_ws/install/basis_robot/lib/python3.10/site-packages/basis_robot
[0.760s] copying /home/adarsh61/robot_ws/build/basis_robot/build/lib/basis_robot/service_client.py -> /home/adarsh61/robot_ws/install/basis_robot/lib/python3.10/site-packages/basis_robot
[0.760s] copying /home/adarsh61/robot_ws/build/basis_robot/build/lib/basis_robot/client_add_two_int.py -> /home/adarsh61/robot_ws/install/basis_robot/lib/python3.10/site-packages/basis_robot
[0.761s] copying /home/adarsh61/robot_ws/build/basis_robot/build/lib/basis_robot/__init__.py -> /home/adarsh61/robot_ws/install/basis_robot/lib/python3.10/site-packages/basis_robot
[0.762s] copying /home/adarsh61/robot_ws/build/basis_robot/build/lib/basis_robot/parameter.py -> /home/adarsh61/robot_ws/install/basis_robot/lib/python3.10/site-packages/basis_robot
[0.762s] byte-compiling /home/adarsh61/robot_ws/install/basis_robot/lib/python3.10/site-packages/basis_robot/parameter2.py to parameter2.cpython-310.pyc
[0.762s] byte-compiling /home/adarsh61/robot_ws/install/basis_robot/lib/python3.10/site-packages/basis_robot/Action_Serverr.py to Action_Serverr.cpython-310.pyc
[0.763s] byte-compiling /home/adarsh61/robot_ws/install/basis_robot/lib/python3.10/site-packages/basis_robot/service_server.py to service_server.cpython-310.pyc
[0.763s] byte-compiling /home/adarsh61/robot_ws/install/basis_robot/lib/python3.10/site-packages/basis_robot/service_add_two_int.py to service_add_two_int.cpython-310.pyc
[0.764s] byte-compiling /home/adarsh61/robot_ws/install/basis_robot/lib/python3.10/site-packages/basis_robot/parameter3.py to parameter3.cpython-310.pyc
[0.764s] byte-compiling /home/adarsh61/robot_ws/install/basis_robot/lib/python3.10/site-packages/basis_robot/first_node.py to first_node.cpython-310.pyc
[0.764s] byte-compiling /home/adarsh61/robot_ws/install/basis_robot/lib/python3.10/site-packages/basis_robot/parameter4.py to parameter4.cpython-310.pyc
[0.765s] byte-compiling /home/adarsh61/robot_ws/install/basis_robot/lib/python3.10/site-packages/basis_robot/talker.py to talker.cpython-310.pyc
[0.766s] byte-compiling /home/adarsh61/robot_ws/install/basis_robot/lib/python3.10/site-packages/basis_robot/action_client.py to action_client.cpython-310.pyc
[0.766s] byte-compiling /home/adarsh61/robot_ws/install/basis_robot/lib/python3.10/site-packages/basis_robot/listener.py to listener.cpython-310.pyc
[0.766s] byte-compiling /home/adarsh61/robot_ws/install/basis_robot/lib/python3.10/site-packages/basis_robot/service_client.py to service_client.cpython-310.pyc
[0.767s] byte-compiling /home/adarsh61/robot_ws/install/basis_robot/lib/python3.10/site-packages/basis_robot/client_add_two_int.py to client_add_two_int.cpython-310.pyc
[0.767s] byte-compiling /home/adarsh61/robot_ws/install/basis_robot/lib/python3.10/site-packages/basis_robot/__init__.py to __init__.cpython-310.pyc
[0.767s] byte-compiling /home/adarsh61/robot_ws/install/basis_robot/lib/python3.10/site-packages/basis_robot/parameter.py to parameter.cpython-310.pyc
[0.768s] running install_data
[0.768s] creating /home/adarsh61/robot_ws/install/basis_robot/share/ament_index
[0.768s] creating /home/adarsh61/robot_ws/install/basis_robot/share/ament_index/resource_index
[0.768s] creating /home/adarsh61/robot_ws/install/basis_robot/share/ament_index/resource_index/packages
[0.769s] copying resource/basis_robot -> /home/adarsh61/robot_ws/install/basis_robot/share/ament_index/resource_index/packages
[0.769s] copying package.xml -> /home/adarsh61/robot_ws/install/basis_robot/share/basis_robot
[0.769s] running install_egg_info
[0.771s] Copying ../../build/basis_robot/basis_robot.egg-info to /home/adarsh61/robot_ws/install/basis_robot/lib/python3.10/site-packages/basis_robot-0.0.0-py3.10.egg-info
[0.772s] running install_scripts
[0.791s] Installing ActionClientNode script to /home/adarsh61/robot_ws/install/basis_robot/lib/basis_robot
[0.792s] Installing ActionServerNode script to /home/adarsh61/robot_ws/install/basis_robot/lib/basis_robot
[0.792s] Installing client_add script to /home/adarsh61/robot_ws/install/basis_robot/lib/basis_robot
[0.792s] Installing first_node script to /home/adarsh61/robot_ws/install/basis_robot/lib/basis_robot
[0.793s] Installing listener script to /home/adarsh61/robot_ws/install/basis_robot/lib/basis_robot
[0.793s] Installing myparamnode script to /home/adarsh61/robot_ws/install/basis_robot/lib/basis_robot
[0.793s] Installing myparamnodee script to /home/adarsh61/robot_ws/install/basis_robot/lib/basis_robot
[0.793s] Installing parameter script to /home/adarsh61/robot_ws/install/basis_robot/lib/basis_robot
[0.793s] Installing robotspeed script to /home/adarsh61/robot_ws/install/basis_robot/lib/basis_robot
[0.793s] Installing service_add script to /home/adarsh61/robot_ws/install/basis_robot/lib/basis_robot
[0.794s] Installing service_client script to /home/adarsh61/robot_ws/install/basis_robot/lib/basis_robot
[0.794s] Installing service_server script to /home/adarsh61/robot_ws/install/basis_robot/lib/basis_robot
[0.794s] Installing talker script to /home/adarsh61/robot_ws/install/basis_robot/lib/basis_robot
[0.794s] writing list of installed files to '/home/adarsh61/robot_ws/build/basis_robot/install.log'
[0.816s] Invoked command in '/home/adarsh61/robot_ws/src/basis_robot' returned '0': PYTHONPATH=/home/adarsh61/robot_ws/build/basis_robot/prefix_override:/usr/lib/python3/dist-packages/colcon_core/task/python/colcon_distutils_commands:/home/adarsh61/robot_ws/install/basis_robot/lib/python3.10/site-packages:${PYTHONPATH} /usr/bin/python3 -W ignore:setup.py install is deprecated -W ignore:easy_install command is deprecated setup.py egg_info --egg-base ../../build/basis_robot build --build-base /home/adarsh61/robot_ws/build/basis_robot/build install --record /home/adarsh61/robot_ws/build/basis_robot/install.log --single-version-externally-managed install_data
