/home/adarsh61/robot_ws/install/basis_robot/lib/python3.10/site-packages/basis_robot/parameter2.py
/home/adarsh61/robot_ws/install/basis_robot/lib/python3.10/site-packages/basis_robot/Action_Serverr.py
/home/adarsh61/robot_ws/install/basis_robot/lib/python3.10/site-packages/basis_robot/service_server.py
/home/adarsh61/robot_ws/install/basis_robot/lib/python3.10/site-packages/basis_robot/service_add_two_int.py
/home/adarsh61/robot_ws/install/basis_robot/lib/python3.10/site-packages/basis_robot/parameter3.py
/home/adarsh61/robot_ws/install/basis_robot/lib/python3.10/site-packages/basis_robot/first_node.py
/home/adarsh61/robot_ws/install/basis_robot/lib/python3.10/site-packages/basis_robot/parameter4.py
/home/adarsh61/robot_ws/install/basis_robot/lib/python3.10/site-packages/basis_robot/talker.py
/home/adarsh61/robot_ws/install/basis_robot/lib/python3.10/site-packages/basis_robot/action_client.py
/home/adarsh61/robot_ws/install/basis_robot/lib/python3.10/site-packages/basis_robot/listener.py
/home/adarsh61/robot_ws/install/basis_robot/lib/python3.10/site-packages/basis_robot/service_client.py
/home/adarsh61/robot_ws/install/basis_robot/lib/python3.10/site-packages/basis_robot/client_add_two_int.py
/home/adarsh61/robot_ws/install/basis_robot/lib/python3.10/site-packages/basis_robot/__init__.py
/home/adarsh61/robot_ws/install/basis_robot/lib/python3.10/site-packages/basis_robot/parameter.py
/home/adarsh61/robot_ws/install/basis_robot/lib/python3.10/site-packages/basis_robot/__pycache__/parameter2.cpython-310.pyc
/home/adarsh61/robot_ws/install/basis_robot/lib/python3.10/site-packages/basis_robot/__pycache__/Action_Serverr.cpython-310.pyc
/home/adarsh61/robot_ws/install/basis_robot/lib/python3.10/site-packages/basis_robot/__pycache__/service_server.cpython-310.pyc
/home/adarsh61/robot_ws/install/basis_robot/lib/python3.10/site-packages/basis_robot/__pycache__/service_add_two_int.cpython-310.pyc
/home/adarsh61/robot_ws/install/basis_robot/lib/python3.10/site-packages/basis_robot/__pycache__/parameter3.cpython-310.pyc
/home/adarsh61/robot_ws/install/basis_robot/lib/python3.10/site-packages/basis_robot/__pycache__/first_node.cpython-310.pyc
/home/adarsh61/robot_ws/install/basis_robot/lib/python3.10/site-packages/basis_robot/__pycache__/parameter4.cpython-310.pyc
/home/adarsh61/robot_ws/install/basis_robot/lib/python3.10/site-packages/basis_robot/__pycache__/talker.cpython-310.pyc
/home/adarsh61/robot_ws/install/basis_robot/lib/python3.10/site-packages/basis_robot/__pycache__/action_client.cpython-310.pyc
/home/adarsh61/robot_ws/install/basis_robot/lib/python3.10/site-packages/basis_robot/__pycache__/listener.cpython-310.pyc
/home/adarsh61/robot_ws/install/basis_robot/lib/python3.10/site-packages/basis_robot/__pycache__/service_client.cpython-310.pyc
/home/adarsh61/robot_ws/install/basis_robot/lib/python3.10/site-packages/basis_robot/__pycache__/client_add_two_int.cpython-310.pyc
/home/adarsh61/robot_ws/install/basis_robot/lib/python3.10/site-packages/basis_robot/__pycache__/__init__.cpython-310.pyc
/home/adarsh61/robot_ws/install/basis_robot/lib/python3.10/site-packages/basis_robot/__pycache__/parameter.cpython-310.pyc
/home/adarsh61/robot_ws/install/basis_robot/share/ament_index/resource_index/packages/basis_robot
/home/adarsh61/robot_ws/install/basis_robot/share/basis_robot/package.xml
/home/adarsh61/robot_ws/install/basis_robot/lib/python3.10/site-packages/basis_robot-0.0.0-py3.10.egg-info/zip-safe
/home/adarsh61/robot_ws/install/basis_robot/lib/python3.10/site-packages/basis_robot-0.0.0-py3.10.egg-info/dependency_links.txt
/home/adarsh61/robot_ws/install/basis_robot/lib/python3.10/site-packages/basis_robot-0.0.0-py3.10.egg-info/PKG-INFO
/home/adarsh61/robot_ws/install/basis_robot/lib/python3.10/site-packages/basis_robot-0.0.0-py3.10.egg-info/top_level.txt
/home/adarsh61/robot_ws/install/basis_robot/lib/python3.10/site-packages/basis_robot-0.0.0-py3.10.egg-info/SOURCES.txt
/home/adarsh61/robot_ws/install/basis_robot/lib/python3.10/site-packages/basis_robot-0.0.0-py3.10.egg-info/requires.txt
/home/adarsh61/robot_ws/install/basis_robot/lib/python3.10/site-packages/basis_robot-0.0.0-py3.10.egg-info/entry_points.txt
/home/adarsh61/robot_ws/install/basis_robot/lib/basis_robot/ActionClientNode
/home/adarsh61/robot_ws/install/basis_robot/lib/basis_robot/ActionServerNode
/home/adarsh61/robot_ws/install/basis_robot/lib/basis_robot/client_add
/home/adarsh61/robot_ws/install/basis_robot/lib/basis_robot/first_node
/home/adarsh61/robot_ws/install/basis_robot/lib/basis_robot/listener
/home/adarsh61/robot_ws/install/basis_robot/lib/basis_robot/myparamnode
/home/adarsh61/robot_ws/install/basis_robot/lib/basis_robot/myparamnodee
/home/adarsh61/robot_ws/install/basis_robot/lib/basis_robot/parameter
/home/adarsh61/robot_ws/install/basis_robot/lib/basis_robot/robotspeed
/home/adarsh61/robot_ws/install/basis_robot/lib/basis_robot/service_add
/home/adarsh61/robot_ws/install/basis_robot/lib/basis_robot/service_client
/home/adarsh61/robot_ws/install/basis_robot/lib/basis_robot/service_server
/home/adarsh61/robot_ws/install/basis_robot/lib/basis_robot/talker
