running egg_info
writing ../../build/basis_robot/basis_robot.egg-info/PKG-INFO
writing dependency_links to ../../build/basis_robot/basis_robot.egg-info/dependency_links.txt
writing entry points to ../../build/basis_robot/basis_robot.egg-info/entry_points.txt
writing requirements to ../../build/basis_robot/basis_robot.egg-info/requires.txt
writing top-level names to ../../build/basis_robot/basis_robot.egg-info/top_level.txt
reading manifest file '../../build/basis_robot/basis_robot.egg-info/SOURCES.txt'
writing manifest file '../../build/basis_robot/basis_robot.egg-info/SOURCES.txt'
running build
running build_py
copying basis_robot/action_client.py -> /home/adarsh61/robot_ws/build/basis_robot/build/lib/basis_robot
running install
running install_lib
copying /home/adarsh61/robot_ws/build/basis_robot/build/lib/basis_robot/action_client.py -> /home/adarsh61/robot_ws/install/basis_robot/lib/python3.10/site-packages/basis_robot
byte-compiling /home/adarsh61/robot_ws/install/basis_robot/lib/python3.10/site-packages/basis_robot/action_client.py to action_client.cpython-310.pyc
running install_data
running install_egg_info
removing '/home/adarsh61/robot_ws/install/basis_robot/lib/python3.10/site-packages/basis_robot-0.0.0-py3.10.egg-info' (and everything under it)
Copying ../../build/basis_robot/basis_robot.egg-info to /home/adarsh61/robot_ws/install/basis_robot/lib/python3.10/site-packages/basis_robot-0.0.0-py3.10.egg-info
running install_scripts
Installing ActionClientNode script to /home/adarsh61/robot_ws/install/basis_robot/lib/basis_robot
Installing ActionServerNode script to /home/adarsh61/robot_ws/install/basis_robot/lib/basis_robot
Installing client_add script to /home/adarsh61/robot_ws/install/basis_robot/lib/basis_robot
Installing first_node script to /home/adarsh61/robot_ws/install/basis_robot/lib/basis_robot
Installing listener script to /home/adarsh61/robot_ws/install/basis_robot/lib/basis_robot
Installing myparamnode script to /home/adarsh61/robot_ws/install/basis_robot/lib/basis_robot
Installing myparamnodee script to /home/adarsh61/robot_ws/install/basis_robot/lib/basis_robot
Installing parameter script to /home/adarsh61/robot_ws/install/basis_robot/lib/basis_robot
Installing robotspeed script to /home/adarsh61/robot_ws/install/basis_robot/lib/basis_robot
Installing service_add script to /home/adarsh61/robot_ws/install/basis_robot/lib/basis_robot
Installing service_client script to /home/adarsh61/robot_ws/install/basis_robot/lib/basis_robot
Installing service_server script to /home/adarsh61/robot_ws/install/basis_robot/lib/basis_robot
Installing talker script to /home/adarsh61/robot_ws/install/basis_robot/lib/basis_robot
writing list of installed files to '/home/adarsh61/robot_ws/build/basis_robot/install.log'
