[0.577s] Invoking command in '/home/adarsh61/robot_ws/src/basis_robot': PYTHONPATH=/home/adarsh61/robot_ws/build/basis_robot/prefix_override:/usr/lib/python3/dist-packages/colcon_core/task/python/colcon_distutils_commands:/home/adarsh61/robot_ws/install/basis_robot/lib/python3.10/site-packages:${PYTHONPATH} /usr/bin/python3 -W ignore:setup.py install is deprecated -W ignore:easy_install command is deprecated setup.py egg_info --egg-base ../../build/basis_robot build --build-base /home/adarsh61/robot_ws/build/basis_robot/build install --record /home/adarsh61/robot_ws/build/basis_robot/install.log --single-version-externally-managed install_data
[0.792s] running egg_info
[0.792s] writing ../../build/basis_robot/basis_robot.egg-info/PKG-INFO
[0.795s] writing dependency_links to ../../build/basis_robot/basis_robot.egg-info/dependency_links.txt
[0.796s] writing entry points to ../../build/basis_robot/basis_robot.egg-info/entry_points.txt
[0.796s] writing requirements to ../../build/basis_robot/basis_robot.egg-info/requires.txt
[0.796s] writing top-level names to ../../build/basis_robot/basis_robot.egg-info/top_level.txt
[0.798s] reading manifest file '../../build/basis_robot/basis_robot.egg-info/SOURCES.txt'
[0.799s] writing manifest file '../../build/basis_robot/basis_robot.egg-info/SOURCES.txt'
[0.800s] running build
[0.800s] running build_py
[0.800s] copying basis_robot/action_client.py -> /home/adarsh61/robot_ws/build/basis_robot/build/lib/basis_robot
[0.801s] running install
[0.801s] running install_lib
[0.802s] copying /home/adarsh61/robot_ws/build/basis_robot/build/lib/basis_robot/action_client.py -> /home/adarsh61/robot_ws/install/basis_robot/lib/python3.10/site-packages/basis_robot
[0.803s] byte-compiling /home/adarsh61/robot_ws/install/basis_robot/lib/python3.10/site-packages/basis_robot/action_client.py to action_client.cpython-310.pyc
[0.804s] running install_data
[0.804s] running install_egg_info
[0.805s] removing '/home/adarsh61/robot_ws/install/basis_robot/lib/python3.10/site-packages/basis_robot-0.0.0-py3.10.egg-info' (and everything under it)
[0.806s] Copying ../../build/basis_robot/basis_robot.egg-info to /home/adarsh61/robot_ws/install/basis_robot/lib/python3.10/site-packages/basis_robot-0.0.0-py3.10.egg-info
[0.807s] running install_scripts
[0.828s] Installing ActionClientNode script to /home/adarsh61/robot_ws/install/basis_robot/lib/basis_robot
[0.828s] Installing ActionServerNode script to /home/adarsh61/robot_ws/install/basis_robot/lib/basis_robot
[0.829s] Installing client_add script to /home/adarsh61/robot_ws/install/basis_robot/lib/basis_robot
[0.829s] Installing first_node script to /home/adarsh61/robot_ws/install/basis_robot/lib/basis_robot
[0.829s] Installing listener script to /home/adarsh61/robot_ws/install/basis_robot/lib/basis_robot
[0.829s] Installing myparamnode script to /home/adarsh61/robot_ws/install/basis_robot/lib/basis_robot
[0.830s] Installing myparamnodee script to /home/adarsh61/robot_ws/install/basis_robot/lib/basis_robot
[0.830s] Installing parameter script to /home/adarsh61/robot_ws/install/basis_robot/lib/basis_robot
[0.830s] Installing robotspeed script to /home/adarsh61/robot_ws/install/basis_robot/lib/basis_robot
[0.830s] Installing service_add script to /home/adarsh61/robot_ws/install/basis_robot/lib/basis_robot
[0.830s] Installing service_client script to /home/adarsh61/robot_ws/install/basis_robot/lib/basis_robot
[0.830s] Installing service_server script to /home/adarsh61/robot_ws/install/basis_robot/lib/basis_robot
[0.830s] Installing talker script to /home/adarsh61/robot_ws/install/basis_robot/lib/basis_robot
[0.831s] writing list of installed files to '/home/adarsh61/robot_ws/build/basis_robot/install.log'
[0.852s] Invoked command in '/home/adarsh61/robot_ws/src/basis_robot' returned '0': PYTHONPATH=/home/adarsh61/robot_ws/build/basis_robot/prefix_override:/usr/lib/python3/dist-packages/colcon_core/task/python/colcon_distutils_commands:/home/adarsh61/robot_ws/install/basis_robot/lib/python3.10/site-packages:${PYTHONPATH} /usr/bin/python3 -W ignore:setup.py install is deprecated -W ignore:easy_install command is deprecated setup.py egg_info --egg-base ../../build/basis_robot build --build-base /home/adarsh61/robot_ws/build/basis_robot/build install --record /home/adarsh61/robot_ws/build/basis_robot/install.log --single-version-externally-managed install_data
